<?xml version="1.0" encoding="UTF-8"?>
<testsuite name="SuperDesktop UTIT shell-parity" tests="16" failures="0" skipped="0">
  <testcase classname="superdesktop.utit" name="UTIT unit and fixture tests" time="2.268"></testcase>
  <testcase classname="superdesktop.utit" name="Taskbar model and GUI contracts" time="4.231"></testcase>
  <testcase classname="superdesktop.utit" name="SuperDesktop production composition contracts" time="1.310"></testcase>
  <testcase classname="superdesktop.utit" name="UTIT strict OpenSpec validation" time="0.963"></testcase>
  <testcase classname="superdesktop.utit" name="Locked offline workspace tests" time="9.563"></testcase>
  <testcase classname="superdesktop.utit" name="Workspace Clippy warnings as errors" time="0.607"></testcase>
  <testcase classname="superdesktop.utit" name="Product workspace release build (running UTIT excluded)" time="0.557"></testcase>
  <testcase classname="superdesktop.utit" name="Live taskbar rows and labels" time="6.151"></testcase>
  <testcase classname="superdesktop.utit" name="Owned Start home and all apps" time="9.165"></testcase>
  <testcase classname="superdesktop.utit" name="Desktop marquee selection" time="7.553"></testcase>
  <testcase classname="superdesktop.utit" name="Explorer-free Show desktop cycles" time="4.986"></testcase>
  <testcase classname="superdesktop.utit" name="Explorer-free notification center" time="6.043"></testcase>
  <testcase classname="superdesktop.utit" name="Explorer-free system status and IME flyouts" time="22.145"></testcase>
  <testcase classname="superdesktop.utit" name="Explorer-free taskbar resize and lock" time="23.816"></testcase>
  <testcase classname="superdesktop.utit" name="Explorer-free taskbar auto-hide" time="16.165"></testcase>
  <testcase classname="superdesktop.utit" name="Explorer-free taskbar hover previews" time="6.750"></testcase>
</testsuite>
