<?xml version="1.0" encoding="UTF-8"?>
<testsuite name="SuperDesktop UTIT smoke" tests="7" failures="0" skipped="0">
  <testcase classname="superdesktop.utit" name="UTIT unit and fixture tests" time="3.724"></testcase>
  <testcase classname="superdesktop.utit" name="Taskbar model and GUI contracts" time="4.328"></testcase>
  <testcase classname="superdesktop.utit" name="SuperDesktop production composition contracts" time="1.261"></testcase>
  <testcase classname="superdesktop.utit" name="UTIT strict OpenSpec validation" time="1.262"></testcase>
  <testcase classname="superdesktop.utit" name="Locked offline workspace tests" time="13.332"></testcase>
  <testcase classname="superdesktop.utit" name="Workspace Clippy warnings as errors" time="0.605"></testcase>
  <testcase classname="superdesktop.utit" name="Product workspace release build (running UTIT excluded)" time="0.557"></testcase>
</testsuite>
