<?xml version="1.0" encoding="UTF-8"?>
<testsuite name="SuperDesktop UTIT shell-parity" tests="15" failures="0" skipped="0">
  <testcase classname="superdesktop.utit" name="UTIT unit and fixture tests" time="3.727"></testcase>
  <testcase classname="superdesktop.utit" name="Taskbar model and GUI contracts" time="4.428"></testcase>
  <testcase classname="superdesktop.utit" name="SuperDesktop production composition contracts" time="1.209"></testcase>
  <testcase classname="superdesktop.utit" name="UTIT strict OpenSpec validation" time="0.912"></testcase>
  <testcase classname="superdesktop.utit" name="Locked offline workspace tests" time="13.340"></testcase>
  <testcase classname="superdesktop.utit" name="Workspace Clippy warnings as errors" time="0.607"></testcase>
  <testcase classname="superdesktop.utit" name="Product workspace release build (running UTIT excluded)" time="0.556"></testcase>
  <testcase classname="superdesktop.utit" name="Live taskbar rows and labels" time="6.748"></testcase>
  <testcase classname="superdesktop.utit" name="Owned Start home and all apps" time="9.612"></testcase>
  <testcase classname="superdesktop.utit" name="Desktop marquee selection" time="7.951"></testcase>
  <testcase classname="superdesktop.utit" name="Explorer-free Show desktop cycles" time="9.414"></testcase>
  <testcase classname="superdesktop.utit" name="Explorer-free notification center" time="7.552"></testcase>
  <testcase classname="superdesktop.utit" name="Explorer-free system status and IME flyouts" time="24.650"></testcase>
  <testcase classname="superdesktop.utit" name="Explorer-free taskbar resize and lock" time="24.296"></testcase>
  <testcase classname="superdesktop.utit" name="Explorer-free taskbar auto-hide" time="17.923"></testcase>
</testsuite>
