<?xml version="1.0" encoding="UTF-8"?>
<testsuite name="SuperDesktop UTIT shell-parity" tests="16" failures="0" skipped="0">
  <testcase classname="superdesktop.utit" name="UTIT unit and fixture tests" time="2.268"></testcase>
  <testcase classname="superdesktop.utit" name="Taskbar model and GUI contracts" time="4.380"></testcase>
  <testcase classname="superdesktop.utit" name="SuperDesktop production composition contracts" time="0.656"></testcase>
  <testcase classname="superdesktop.utit" name="UTIT strict OpenSpec validation" time="1.011"></testcase>
  <testcase classname="superdesktop.utit" name="Locked offline workspace tests" time="11.068"></testcase>
  <testcase classname="superdesktop.utit" name="Workspace Clippy warnings as errors" time="1.512"></testcase>
  <testcase classname="superdesktop.utit" name="Product workspace release build (running UTIT excluded)" time="7.245"></testcase>
  <testcase classname="superdesktop.utit" name="Live taskbar rows and labels" time="6.246"></testcase>
  <testcase classname="superdesktop.utit" name="Owned Start home and all apps" time="9.212"></testcase>
  <testcase classname="superdesktop.utit" name="Desktop marquee selection" time="7.503"></testcase>
  <testcase classname="superdesktop.utit" name="Explorer-free Show desktop cycles" time="6.300"></testcase>
  <testcase classname="superdesktop.utit" name="Explorer-free notification center" time="5.691"></testcase>
  <testcase classname="superdesktop.utit" name="Explorer-free system status and IME flyouts" time="23.160"></testcase>
  <testcase classname="superdesktop.utit" name="Explorer-free taskbar resize and lock" time="22.095"></testcase>
  <testcase classname="superdesktop.utit" name="Explorer-free taskbar auto-hide" time="16.211"></testcase>
  <testcase classname="superdesktop.utit" name="Explorer-free taskbar hover previews" time="6.848"></testcase>
</testsuite>
