<?xml version="1.0" encoding="UTF-8"?>
<testsuite name="SuperDesktop UTIT shell-parity" tests="17" failures="0" skipped="0">
  <testcase classname="superdesktop.utit" name="UTIT unit and fixture tests" time="2.215"></testcase>
  <testcase classname="superdesktop.utit" name="Taskbar model and GUI contracts" time="0.657"></testcase>
  <testcase classname="superdesktop.utit" name="SuperDesktop production composition contracts" time="0.657"></testcase>
  <testcase classname="superdesktop.utit" name="UTIT strict OpenSpec validation" time="1.112"></testcase>
  <testcase classname="superdesktop.utit" name="Locked offline workspace tests" time="12.285"></testcase>
  <testcase classname="superdesktop.utit" name="Workspace Clippy warnings as errors" time="1.968"></testcase>
  <testcase classname="superdesktop.utit" name="Product workspace release build (running UTIT excluded)" time="9.566"></testcase>
  <testcase classname="superdesktop.utit" name="Live taskbar rows and labels" time="10.318"></testcase>
  <testcase classname="superdesktop.utit" name="Owned Start home and all apps" time="14.251"></testcase>
  <testcase classname="superdesktop.utit" name="Explorer-free hidden notification icons" time="27.126"></testcase>
  <testcase classname="superdesktop.utit" name="Desktop marquee selection" time="8.152"></testcase>
  <testcase classname="superdesktop.utit" name="Explorer-free Show desktop cycles" time="4.683"></testcase>
  <testcase classname="superdesktop.utit" name="Explorer-free notification center" time="5.895"></testcase>
  <testcase classname="superdesktop.utit" name="Explorer-free system status and IME flyouts" time="22.140"></testcase>
  <testcase classname="superdesktop.utit" name="Explorer-free taskbar resize and lock" time="22.099"></testcase>
  <testcase classname="superdesktop.utit" name="Explorer-free taskbar auto-hide" time="16.061"></testcase>
  <testcase classname="superdesktop.utit" name="Explorer-free taskbar hover previews" time="6.751"></testcase>
</testsuite>
